2019-12-01T13:36:24.430Z - info: Connectie met MongoDB is gelegd.
2019-12-01T13:38:13.525Z - info: Server luistert op poort 7000
2019-12-01T13:38:14.164Z - info: Connectie met MongoDB is gelegd.
2019-12-01T13:39:25.217Z - error: E11000 duplicate key error collection: icarus.gebruikers index: email_1 dup key: { : "test1208@gm.com" }
2019-12-01T13:41:27.991Z - info: Server luistert op poort 7000
2019-12-01T13:41:28.599Z - info: Connectie met MongoDB is gelegd.
2019-12-01T15:51:22.707Z - error: Cast to ObjectId failed for value "5de3c8af06f7950a1474fa" at path "_id" for model "Gebruiker"
2019-12-01T15:54:01.677Z - error: Cast to ObjectId failed for value "5de3c83623d34c0478b8" at path "_id" for model "Gebruiker"
2019-12-01T15:56:25.970Z - info: Server luistert op poort 7000
2019-12-01T15:56:26.612Z - info: Connectie met MongoDB is gelegd.
2019-12-01T15:56:54.944Z - info: Server luistert op poort 7000
2019-12-01T15:56:55.556Z - info: Connectie met MongoDB is gelegd.
2019-12-01T17:22:34.061Z - info: Server luistert op poort 7000
2019-12-01T17:22:34.661Z - info: Connectie met MongoDB is gelegd.
2019-12-01T17:22:59.398Z - error: Cannot set headers after they are sent to the client
2019-12-01T17:24:19.029Z - info: Server luistert op poort 7000
2019-12-01T17:24:19.698Z - info: Connectie met MongoDB is gelegd.
2019-12-01T17:24:27.579Z - error: Cannot read property 'email' of undefined
2019-12-01T17:25:12.104Z - info: Server luistert op poort 7000
2019-12-01T17:25:12.710Z - info: Connectie met MongoDB is gelegd.
2019-12-01T17:55:37.248Z - info: Server luistert op poort 7000
2019-12-01T17:55:37.913Z - info: Connectie met MongoDB is gelegd.
2019-12-01T18:05:43.693Z - info: Server luistert op poort 7000
2019-12-01T18:05:44.307Z - info: Connectie met MongoDB is gelegd.
2019-12-01T18:07:47.752Z - info: Server luistert op poort 7000
2019-12-01T18:07:48.369Z - info: Connectie met MongoDB is gelegd.
2019-12-01T18:34:43.255Z - error: Cast to ObjectId failed for value "5dadf13d2f7ad138f4ca6" at path "_id" for model "Gebruiker"
2019-12-01T18:43:01.485Z - info: Server luistert op poort 7000
2019-12-01T18:43:02.062Z - info: Connectie met MongoDB is gelegd.
2019-12-01T18:47:23.399Z - info: Server luistert op poort 7000
2019-12-01T18:47:24.074Z - info: Connectie met MongoDB is gelegd.
2019-12-01T18:51:58.998Z - info: Server luistert op poort 7000
2019-12-01T18:51:59.596Z - info: Connectie met MongoDB is gelegd.
2019-12-01T18:58:31.541Z - info: Server luistert op poort 7000
2019-12-01T18:58:32.191Z - info: Connectie met MongoDB is gelegd.
2019-12-01T18:59:09.875Z - info: Server luistert op poort 7000
2019-12-01T18:59:10.405Z - info: Connectie met MongoDB is gelegd.
2019-12-01T19:04:56.493Z - info: Server luistert op poort 7000
2019-12-01T19:04:57.098Z - info: Connectie met MongoDB is gelegd.
